<?xml version="1.0" encoding="UTF-8"?>
<testng-results ignored="0" total="1" passed="1" failed="0" skipped="0">
  <reporter-output>
  </reporter-output>
  <suite started-at="2023-03-31T15:52:19 IST" name="Default suite" finished-at="2023-03-31T15:53:08 IST" duration-ms="49187">
    <groups>
      <group name="cucumber">
        <method signature="AbstractTestNGCucumberTests.runScenario(io.cucumber.testng.PickleWrapper,io.cucumber.testng.FeatureWrapper)[pri:0, instance:Runnerclass.runnerClass@5a56cdac]" name="runScenario" class="io.cucumber.testng.AbstractTestNGCucumberTests"/>
      </group> <!-- cucumber -->
    </groups>
    <test started-at="2023-03-31T15:52:19 IST" name="Default test" finished-at="2023-03-31T15:53:08 IST" duration-ms="49187">
      <class name="Runnerclass.runnerClass">
        <test-method is-config="true" signature="setUpClass()[pri:0, instance:Runnerclass.runnerClass@5a56cdac]" started-at="2023-03-31T15:52:19 IST" name="setUpClass" finished-at="2023-03-31T15:52:20 IST" duration-ms="1504" status="PASS">
          <reporter-output>
          </reporter-output>
        </test-method> <!-- setUpClass -->
        <test-method signature="runScenario(io.cucumber.testng.PickleWrapper,io.cucumber.testng.FeatureWrapper)[pri:0, instance:Runnerclass.runnerClass@5a56cdac]" started-at="2023-03-31T15:52:20 IST" name="runScenario" description="Runs Cucumber Scenarios" data-provider="scenarios" finished-at="2023-03-31T15:53:07 IST" duration-ms="47286" status="PASS">
          <params>
            <param index="0">
              <value>
                <![CDATA["when user opens the application and enters the valid credentials and click on login button user should be able to see the homepage"]]>
              </value>
            </param>
            <param index="1">
              <value>
                <![CDATA["Optional[Login]"]]>
              </value>
            </param>
          </params>
          <reporter-output>
          </reporter-output>
        </test-method> <!-- runScenario -->
        <test-method is-config="true" signature="tearDownClass()[pri:0, instance:Runnerclass.runnerClass@5a56cdac]" started-at="2023-03-31T15:53:07 IST" name="tearDownClass" finished-at="2023-03-31T15:53:08 IST" duration-ms="336" status="PASS">
          <reporter-output>
          </reporter-output>
        </test-method> <!-- tearDownClass -->
      </class> <!-- Runnerclass.runnerClass -->
    </test> <!-- Default test -->
  </suite> <!-- Default suite -->
</testng-results>
